13:22:22 **** Rebuild of configuration Debug for project Cdemo ****
Info: Internal Builder is used for build
gcc -O0 -g3 -Wall -c -fmessage-length=0 -o demo.o "..\\demo.c" 
..\demo.c:22:6: warning: return type of 'main' is not 'int' [-Wmain]
 void main()
      ^~~~
gcc -o Cdemo.exe demo.o 
Info: Nothing to build for Cdemo
13:24:05 **** Incremental Build of configuration Debug for project Cdemo ****
Info: Internal Builder is used for build
gcc -O0 -g3 -Wall -c -fmessage-length=0 -o demo.o "..\\demo.c" 
..\demo.c:22:6: warning: return type of 'main' is not 'int' [-Wmain]
 void main()
      ^~~~
gcc -o Cdemo.exe demo.o 
Info: Nothing to build for Cdemo
13:24:50 **** Incremental Build of configuration Debug for project Cdemo ****
Info: Internal Builder is used for build
gcc -O0 -g3 -Wall -c -fmessage-length=0 -o demo.o "..\\demo.c" 
..\demo.c:22:6: warning: return type of 'main' is not 'int' [-Wmain]
 void main()
      ^~~~
..\demo.c: In function 'main':
..\demo.c:33:9: warning: passing argument 1 of 'printf' from incompatible pointer type [-Wincompatible-pointer-types]
  printf(del(p,n));
         ^~~~~~~~
In file included from ..\demo.c:1:
c:\mingw\include\stdio.h:454:46: note: expected 'const char *' but argument is of type 'struct student *'
 _CRTIMP __cdecl __MINGW_NOTHROW  int printf (const char *, ...);
                                              ^~~~~~~~~~~~
gcc -o Cdemo.exe demo.o 
Info: Nothing to build for Cdemo
