  a.c
d:\02ability\learnc\everyday\0struct\6.5structself\self\self\a.c(29): warning C4028: 形参 1 与声明不同
d:\02ability\learnc\everyday\0struct\6.5structself\self\self\a.c(29): warning C4273: “strdup”: dll 链接不一致
  d:\windows kits\10\include\10.0.17763.0\ucrt\string.h(536): note: 参见“strdup”的前一个定义
d:\02ability\learnc\everyday\0struct\6.5structself\self\self\a.c(32): error C2371: “addtree”: 重定义；不同的基类型
  d:\02ability\learnc\everyday\0struct\6.5structself\self\self\a.c(10): note: 参见“addtree”的声明
d:\02ability\learnc\everyday\0struct\6.5structself\self\self\a.c(37): error C2037: “word”的左侧部分指定未定义的结构/联合“tnode”
d:\02ability\learnc\everyday\0struct\6.5structself\self\self\a.c(38): error C2037: “count”的左侧部分指定未定义的结构/联合“tnode”
d:\02ability\learnc\everyday\0struct\6.5structself\self\self\a.c(39): error C2037: “left”的左侧部分指定未定义的结构/联合“tnode”
d:\02ability\learnc\everyday\0struct\6.5structself\self\self\a.c(39): error C2037: “right”的左侧部分指定未定义的结构/联合“tnode”
d:\02ability\learnc\everyday\0struct\6.5structself\self\self\a.c(41): error C2037: “word”的左侧部分指定未定义的结构/联合“tnode”
d:\02ability\learnc\everyday\0struct\6.5structself\self\self\a.c(41): error C2198: “strcmp”: 用于调用的参数太少
d:\02ability\learnc\everyday\0struct\6.5structself\self\self\a.c(42): error C2037: “count”的左侧部分指定未定义的结构/联合“tnode”
d:\02ability\learnc\everyday\0struct\6.5structself\self\self\a.c(44): error C2037: “left”的左侧部分指定未定义的结构/联合“tnode”
d:\02ability\learnc\everyday\0struct\6.5structself\self\self\a.c(44): warning C4133: “函数”: 从“char *”到“tnode *”的类型不兼容
d:\02ability\learnc\everyday\0struct\6.5structself\self\self\a.c(44): error C2198: “addtree”: 用于调用的参数太少
d:\02ability\learnc\everyday\0struct\6.5structself\self\self\a.c(46): error C2037: “right”的左侧部分指定未定义的结构/联合“tnode”
d:\02ability\learnc\everyday\0struct\6.5structself\self\self\a.c(46): warning C4133: “函数”: 从“char *”到“tnode *”的类型不兼容
d:\02ability\learnc\everyday\0struct\6.5structself\self\self\a.c(46): error C2198: “addtree”: 用于调用的参数太少
d:\02ability\learnc\everyday\0struct\6.5structself\self\self\a.c(47): warning C4133: “return”: 从“tnode *”到“treenode *”的类型不兼容
d:\02ability\learnc\everyday\0struct\6.5structself\self\self\a.c(54): error C2037: “left”的左侧部分指定未定义的结构/联合“tnode”
d:\02ability\learnc\everyday\0struct\6.5structself\self\self\a.c(54): error C2198: “treeprint”: 用于调用的参数太少
d:\02ability\learnc\everyday\0struct\6.5structself\self\self\a.c(55): error C2037: “count”的左侧部分指定未定义的结构/联合“tnode”
d:\02ability\learnc\everyday\0struct\6.5structself\self\self\a.c(55): error C2037: “word”的左侧部分指定未定义的结构/联合“tnode”
d:\02ability\learnc\everyday\0struct\6.5structself\self\self\a.c(55): warning C4473: “printf”: 没有为格式字符串传递足够的参数
  d:\02ability\learnc\everyday\0struct\6.5structself\self\self\a.c(55): note: 占位符和其参数预计 2 可变参数，但提供的却是 0 参数
  d:\02ability\learnc\everyday\0struct\6.5structself\self\self\a.c(55): note: 缺失的可变参数 1 为格式字符串“%4d”所需
d:\02ability\learnc\everyday\0struct\6.5structself\self\self\a.c(56): error C2037: “right”的左侧部分指定未定义的结构/联合“tnode”
d:\02ability\learnc\everyday\0struct\6.5structself\self\self\a.c(56): error C2198: “treeprint”: 用于调用的参数太少
d:\02ability\learnc\everyday\0struct\6.5structself\self\self\a.c(79): error C4996: 'strcpy': This function or variable may be unsafe. Consider using strcpy_s instead. To disable deprecation, use _CRT_SECURE_NO_WARNINGS. See online help for details.
  d:\windows kits\10\include\10.0.17763.0\ucrt\string.h(133): note: 参见“strcpy”的声明
d:\02ability\learnc\everyday\0struct\6.5structself\self\self\a.c(94): warning C4013: “isalapha”未定义；假设外部返回 int
