  strcpydemo.c
d:\02ability\learnc\everyday\thecprogramminglanguage\chapter5.5\strcpy\strcpy\strcpydemo.c(14): warning C4477: “printf”: 格式字符串“%0x”需要类型“unsigned int”的参数，但可变参数 1 拥有了类型“char *”
d:\02ability\learnc\everyday\thecprogramminglanguage\chapter5.5\strcpy\strcpy\strcpydemo.c(14): warning C4313: “printf”: 格式字符串中的“%x”与“char *”类型的参数 1 冲突
d:\02ability\learnc\everyday\thecprogramminglanguage\chapter5.5\strcpy\strcpy\strcpydemo.c(14): warning C4477: “printf”: 格式字符串“%0x”需要类型“unsigned int”的参数，但可变参数 2 拥有了类型“char **”
d:\02ability\learnc\everyday\thecprogramminglanguage\chapter5.5\strcpy\strcpy\strcpydemo.c(14): warning C4313: “printf”: 格式字符串中的“%x”与“char **”类型的参数 2 冲突
d:\02ability\learnc\everyday\thecprogramminglanguage\chapter5.5\strcpy\strcpy\strcpydemo.c(16): warning C4477: “printf”: 格式字符串“%0x”需要类型“unsigned int”的参数，但可变参数 1 拥有了类型“char *”
d:\02ability\learnc\everyday\thecprogramminglanguage\chapter5.5\strcpy\strcpy\strcpydemo.c(16): warning C4313: “printf”: 格式字符串中的“%x”与“char *”类型的参数 1 冲突
d:\02ability\learnc\everyday\thecprogramminglanguage\chapter5.5\strcpy\strcpy\strcpydemo.c(16): warning C4477: “printf”: 格式字符串“%0x”需要类型“unsigned int”的参数，但可变参数 2 拥有了类型“char (*)[35]”
d:\02ability\learnc\everyday\thecprogramminglanguage\chapter5.5\strcpy\strcpy\strcpydemo.c(16): warning C4313: “printf”: 格式字符串中的“%x”与“char (*)[35]”类型的参数 2 冲突
d:\02ability\learnc\everyday\thecprogramminglanguage\chapter5.5\strcpy\strcpy\strcpydemo.c(31): warning C4477: “printf”: 格式字符串“%0x”需要类型“unsigned int”的参数，但可变参数 1 拥有了类型“char (*)[13]”
d:\02ability\learnc\everyday\thecprogramminglanguage\chapter5.5\strcpy\strcpy\strcpydemo.c(31): warning C4313: “printf”: 格式字符串中的“%x”与“char (*)[13]”类型的参数 1 冲突
d:\02ability\learnc\everyday\thecprogramminglanguage\chapter5.5\strcpy\strcpy\strcpydemo.c(58): warning C4047: “=”:“int *”与“int”的间接级别不同
d:\02ability\learnc\everyday\thecprogramminglanguage\chapter5.5\strcpy\strcpy\strcpydemo.c(59): warning C4477: “printf”: 格式字符串“%d”需要类型“int”的参数，但可变参数 1 拥有了类型“int *”
d:\02ability\learnc\everyday\thecprogramminglanguage\chapter5.5\strcpy\strcpy\strcpydemo.c(59): warning C4313: “printf”: 格式字符串中的“%d”与“int *”类型的参数 1 冲突
d:\02ability\learnc\everyday\thecprogramminglanguage\chapter5.5\strcpy\strcpy\strcpydemo.c(68): warning C4477: “printf”: 格式字符串“%0x”需要类型“unsigned int”的参数，但可变参数 1 拥有了类型“char **”
d:\02ability\learnc\everyday\thecprogramminglanguage\chapter5.5\strcpy\strcpy\strcpydemo.c(68): warning C4313: “printf”: 格式字符串中的“%x”与“char **”类型的参数 1 冲突
d:\02ability\learnc\everyday\thecprogramminglanguage\chapter5.5\strcpy\strcpy\strcpydemo.c(71): warning C4477: “printf”: 格式字符串“%d”需要类型“int”的参数，但可变参数 1 拥有了类型“int *”
d:\02ability\learnc\everyday\thecprogramminglanguage\chapter5.5\strcpy\strcpy\strcpydemo.c(71): warning C4313: “printf”: 格式字符串中的“%d”与“int *”类型的参数 1 冲突
d:\02ability\learnc\everyday\thecprogramminglanguage\chapter5.5\strcpy\strcpy\strcpydemo.c(72): warning C4477: “printf”: 格式字符串“%d”需要类型“int”的参数，但可变参数 1 拥有了类型“int *”
d:\02ability\learnc\everyday\thecprogramminglanguage\chapter5.5\strcpy\strcpy\strcpydemo.c(72): warning C4313: “printf”: 格式字符串中的“%d”与“int *”类型的参数 1 冲突
d:\02ability\learnc\everyday\thecprogramminglanguage\chapter5.5\strcpy\strcpy\strcpydemo.c(73): warning C4477: “printf”: 格式字符串“%d”需要类型“int”的参数，但可变参数 1 拥有了类型“int *”
d:\02ability\learnc\everyday\thecprogramminglanguage\chapter5.5\strcpy\strcpy\strcpydemo.c(73): warning C4313: “printf”: 格式字符串中的“%d”与“int *”类型的参数 1 冲突
d:\02ability\learnc\everyday\thecprogramminglanguage\chapter5.5\strcpy\strcpy\strcpydemo.c(74): warning C4477: “printf”: 格式字符串“%0x”需要类型“unsigned int”的参数，但可变参数 1 拥有了类型“char **”
d:\02ability\learnc\everyday\thecprogramminglanguage\chapter5.5\strcpy\strcpy\strcpydemo.c(74): warning C4313: “printf”: 格式字符串中的“%x”与“char **”类型的参数 1 冲突
d:\02ability\learnc\everyday\thecprogramminglanguage\chapter5.5\strcpy\strcpy\strcpydemo.c(75): warning C4477: “printf”: 格式字符串“%0x”需要类型“unsigned int”的参数，但可变参数 1 拥有了类型“char **”
d:\02ability\learnc\everyday\thecprogramminglanguage\chapter5.5\strcpy\strcpy\strcpydemo.c(75): warning C4313: “printf”: 格式字符串中的“%x”与“char **”类型的参数 1 冲突
d:\02ability\learnc\everyday\thecprogramminglanguage\chapter5.5\strcpy\strcpy\strcpydemo.c(76): warning C4477: “printf”: 格式字符串“%0x”需要类型“unsigned int”的参数，但可变参数 1 拥有了类型“char **”
d:\02ability\learnc\everyday\thecprogramminglanguage\chapter5.5\strcpy\strcpy\strcpydemo.c(76): warning C4313: “printf”: 格式字符串中的“%x”与“char **”类型的参数 1 冲突
d:\02ability\learnc\everyday\thecprogramminglanguage\chapter5.5\strcpy\strcpy\strcpydemo.c(81): warning C4477: “printf”: 格式字符串“%0x”需要类型“unsigned int”的参数，但可变参数 1 拥有了类型“char **”
d:\02ability\learnc\everyday\thecprogramminglanguage\chapter5.5\strcpy\strcpy\strcpydemo.c(81): warning C4313: “printf”: 格式字符串中的“%x”与“char **”类型的参数 1 冲突
d:\02ability\learnc\everyday\thecprogramminglanguage\chapter5.5\strcpy\strcpy\strcpydemo.c(81): warning C4477: “printf”: 格式字符串“%0x”需要类型“unsigned int”的参数，但可变参数 2 拥有了类型“char *(*)[3]”
d:\02ability\learnc\everyday\thecprogramminglanguage\chapter5.5\strcpy\strcpy\strcpydemo.c(81): warning C4313: “printf”: 格式字符串中的“%x”与“char *(*)[3]”类型的参数 2 冲突
d:\02ability\learnc\everyday\thecprogramminglanguage\chapter5.5\strcpy\strcpy\strcpydemo.c(86): warning C4477: “printf”: 格式字符串“%d”需要类型“int”的参数，但可变参数 1 拥有了类型“size_t”
  d:\02ability\learnc\everyday\thecprogramminglanguage\chapter5.5\strcpy\strcpy\strcpydemo.c(86): note: 请考虑在格式字符串中使用“%zd”
d:\02ability\learnc\everyday\thecprogramminglanguage\chapter5.5\strcpy\strcpy\strcpydemo.c(86): warning C4477: “printf”: 格式字符串“%d”需要类型“int”的参数，但可变参数 2 拥有了类型“size_t”
  d:\02ability\learnc\everyday\thecprogramminglanguage\chapter5.5\strcpy\strcpy\strcpydemo.c(86): note: 请考虑在格式字符串中使用“%zd”
d:\02ability\learnc\everyday\thecprogramminglanguage\chapter5.5\strcpy\strcpy\strcpydemo.c(86): warning C4477: “printf”: 格式字符串“%d”需要类型“int”的参数，但可变参数 3 拥有了类型“size_t”
  d:\02ability\learnc\everyday\thecprogramminglanguage\chapter5.5\strcpy\strcpy\strcpydemo.c(86): note: 请考虑在格式字符串中使用“%zd”
d:\02ability\learnc\everyday\thecprogramminglanguage\chapter5.5\strcpy\strcpy\strcpydemo.c(87): warning C4477: “printf”: 格式字符串“%0x”需要类型“unsigned int”的参数，但可变参数 1 拥有了类型“char **”
d:\02ability\learnc\everyday\thecprogramminglanguage\chapter5.5\strcpy\strcpy\strcpydemo.c(87): warning C4313: “printf”: 格式字符串中的“%x”与“char **”类型的参数 1 冲突
d:\02ability\learnc\everyday\thecprogramminglanguage\chapter5.5\strcpy\strcpy\strcpydemo.c(88): warning C4477: “printf”: 格式字符串“%0x”需要类型“unsigned int”的参数，但可变参数 1 拥有了类型“char **”
d:\02ability\learnc\everyday\thecprogramminglanguage\chapter5.5\strcpy\strcpy\strcpydemo.c(88): warning C4313: “printf”: 格式字符串中的“%x”与“char **”类型的参数 1 冲突
d:\02ability\learnc\everyday\thecprogramminglanguage\chapter5.5\strcpy\strcpy\strcpydemo.c(89): warning C4477: “printf”: 格式字符串“%0x”需要类型“unsigned int”的参数，但可变参数 1 拥有了类型“char **”
d:\02ability\learnc\everyday\thecprogramminglanguage\chapter5.5\strcpy\strcpy\strcpydemo.c(89): warning C4313: “printf”: 格式字符串中的“%x”与“char **”类型的参数 1 冲突
d:\02ability\learnc\everyday\thecprogramminglanguage\chapter5.5\strcpy\strcpy\strcpydemo.c(90): warning C4477: “printf”: 格式字符串“%0x”需要类型“unsigned int”的参数，但可变参数 1 拥有了类型“char **”
d:\02ability\learnc\everyday\thecprogramminglanguage\chapter5.5\strcpy\strcpy\strcpydemo.c(90): warning C4313: “printf”: 格式字符串中的“%x”与“char **”类型的参数 1 冲突
d:\02ability\learnc\everyday\thecprogramminglanguage\chapter5.5\strcpy\strcpy\strcpydemo.c(91): warning C4477: “printf”: 格式字符串“%0x”需要类型“unsigned int”的参数，但可变参数 1 拥有了类型“char **”
d:\02ability\learnc\everyday\thecprogramminglanguage\chapter5.5\strcpy\strcpy\strcpydemo.c(91): warning C4313: “printf”: 格式字符串中的“%x”与“char **”类型的参数 1 冲突
d:\02ability\learnc\everyday\thecprogramminglanguage\chapter5.5\strcpy\strcpy\strcpydemo.c(92): warning C4477: “printf”: 格式字符串“%0x”需要类型“unsigned int”的参数，但可变参数 1 拥有了类型“char **”
d:\02ability\learnc\everyday\thecprogramminglanguage\chapter5.5\strcpy\strcpy\strcpydemo.c(92): warning C4313: “printf”: 格式字符串中的“%x”与“char **”类型的参数 1 冲突
d:\02ability\learnc\everyday\thecprogramminglanguage\chapter5.5\strcpy\strcpy\strcpydemo.c(101): warning C4477: “printf”: 格式字符串“%0x”需要类型“unsigned int”的参数，但可变参数 1 拥有了类型“char (*)[3][20]”
d:\02ability\learnc\everyday\thecprogramminglanguage\chapter5.5\strcpy\strcpy\strcpydemo.c(101): warning C4313: “printf”: 格式字符串中的“%x”与“char (*)[3][20]”类型的参数 1 冲突
d:\02ability\learnc\everyday\thecprogramminglanguage\chapter5.5\strcpy\strcpy\strcpydemo.c(104): warning C4477: “printf”: 格式字符串“%0x”需要类型“unsigned int”的参数，但可变参数 1 拥有了类型“char (*)[20]”
d:\02ability\learnc\everyday\thecprogramminglanguage\chapter5.5\strcpy\strcpy\strcpydemo.c(104): warning C4313: “printf”: 格式字符串中的“%x”与“char (*)[20]”类型的参数 1 冲突
d:\02ability\learnc\everyday\thecprogramminglanguage\chapter5.5\strcpy\strcpy\strcpydemo.c(105): warning C4477: “printf”: 格式字符串“%0x”需要类型“unsigned int”的参数，但可变参数 1 拥有了类型“char (*)[20]”
d:\02ability\learnc\everyday\thecprogramminglanguage\chapter5.5\strcpy\strcpy\strcpydemo.c(105): warning C4313: “printf”: 格式字符串中的“%x”与“char (*)[20]”类型的参数 1 冲突
d:\02ability\learnc\everyday\thecprogramminglanguage\chapter5.5\strcpy\strcpy\strcpydemo.c(106): warning C4477: “printf”: 格式字符串“%0x”需要类型“unsigned int”的参数，但可变参数 1 拥有了类型“char (*)[20]”
d:\02ability\learnc\everyday\thecprogramminglanguage\chapter5.5\strcpy\strcpy\strcpydemo.c(106): warning C4313: “printf”: 格式字符串中的“%x”与“char (*)[20]”类型的参数 1 冲突
d:\02ability\learnc\everyday\thecprogramminglanguage\chapter5.5\strcpy\strcpy\strcpydemo.c(107): warning C4477: “printf”: 格式字符串“%0x”需要类型“unsigned int”的参数，但可变参数 1 拥有了类型“char (*)[20]”
d:\02ability\learnc\everyday\thecprogramminglanguage\chapter5.5\strcpy\strcpy\strcpydemo.c(107): warning C4313: “printf”: 格式字符串中的“%x”与“char (*)[20]”类型的参数 1 冲突
d:\02ability\learnc\everyday\thecprogramminglanguage\chapter5.5\strcpy\strcpy\strcpydemo.c(108): warning C4477: “printf”: 格式字符串“%0x”需要类型“unsigned int”的参数，但可变参数 1 拥有了类型“char (*)[20]”
d:\02ability\learnc\everyday\thecprogramminglanguage\chapter5.5\strcpy\strcpy\strcpydemo.c(108): warning C4313: “printf”: 格式字符串中的“%x”与“char (*)[20]”类型的参数 1 冲突
d:\02ability\learnc\everyday\thecprogramminglanguage\chapter5.5\strcpy\strcpy\strcpydemo.c(109): warning C4477: “printf”: 格式字符串“%0x”需要类型“unsigned int”的参数，但可变参数 1 拥有了类型“char (*)[20]”
d:\02ability\learnc\everyday\thecprogramminglanguage\chapter5.5\strcpy\strcpy\strcpydemo.c(109): warning C4313: “printf”: 格式字符串中的“%x”与“char (*)[20]”类型的参数 1 冲突
d:\02ability\learnc\everyday\thecprogramminglanguage\chapter5.5\strcpy\strcpy\strcpydemo.c(118): warning C4013: “system”未定义；假设外部返回 int
d:\02ability\learnc\everyday\thecprogramminglanguage\chapter5.5\strcpy\strcpy\strcpydemo.c(62): warning C4047: “初始化”:“int *”与“int”的间接级别不同
d:\02ability\learnc\everyday\thecprogramminglanguage\chapter5.5\strcpy\strcpy\strcpydemo.c(57): warning C4101: “apintthree”: 未引用的局部变量
d:\02ability\learnc\everyday\thecprogramminglanguage\chapter5.5\strcpy\strcpy\strcpydemo.c(57): warning C4101: “apinttwo”: 未引用的局部变量
  strcpy.vcxproj -> D:\02ability\LearnC\Everyday\TheCProgrammingLanguage\Chapter5.5\strcpy\x64\Debug\strcpy.exe
